<?xml version="1.0" encoding="UTF-8"?>
<testsuite xmlns:xsi="http://www.w3.org/2001/XMLSchema-instance" xsi:noNamespaceSchemaLocation="https://maven.apache.org/surefire/maven-surefire-plugin/xsd/surefire-test-report-3.0.xsd" version="3.0" name="com.springboot.jwt.JwtApplicationTests" time="2.58" tests="1" errors="0" skipped="0" failures="0">
  <properties>
[...]
</properties>
  <testcase name="contextLoads" classname="com.springboot.jwt.JwtApplicationTests" time="0.261">
    <system-out><![CDATA[00:36:38.541 [main] INFO org.springframework.test.context.support.AnnotationConfigContextLoaderUtils -- Could not detect default configuration classes for test class [com.springboot.jwt.JwtApplicationTests]: JwtApplicationTests does not declare any static, non-private, non-final, nested classes annotated with @Configuration.
00:36:38.586 [main] INFO org.springframework.boot.test.context.SpringBootTestContextBootstrapper -- Found @SpringBootConfiguration com.springboot.jwt.JwtApplication for test class com.springboot.jwt.JwtApplicationTests

  .   ____          _            __ _ _
 /\\ / ___'_ __ _ _(_)_ __  __ _ \ \ \ \
( ( )\___ | '_ | '_| | '_ \/ _` | \ \ \ \
 \\/  ___)| |_)| | | | | || (_| |  ) ) ) )
  '  |____| .__|_| |_|_| |_\__, | / / / /
 =========|_|==============|___/=/_/_/_/
&amp#27;[32m :: Spring Boot :: &amp#27;[39m              &amp#27;[2m (v3.2.0)&amp#27;[0;39m

&amp#27;[2m2025-02-11T00:36:38.715+09:00&amp#27;[0;39m &amp#27;[32m INFO&amp#27;[0;39m &amp#27;[35m52059&amp#27;[0;39m &amp#27;[2m---&amp#27;[0;39m &amp#27;[2m[jwt] [           main]&amp#27;[0;39m &amp#27;[2m&amp#27;[0;39m&amp#27;[36mcom.springboot.jwt.JwtApplicationTests  &amp#27;[0;39m &amp#27;[2m:&amp#27;[0;39m Starting JwtApplicationTests using Java 23.0.1 with PID 52059 (started by hwanghyeongjin in /Users/hwanghyeongjin/Documents/GitHub/Likelion13-BE)
&amp#27;[2m2025-02-11T00:36:38.715+09:00&amp#27;[0;39m &amp#27;[32m INFO&amp#27;[0;39m &amp#27;[35m52059&amp#27;[0;39m &amp#27;[2m---&amp#27;[0;39m &amp#27;[2m[jwt] [           main]&amp#27;[0;39m &amp#27;[2m&amp#27;[0;39m&amp#27;[36mcom.springboot.jwt.JwtApplicationTests  &amp#27;[0;39m &amp#27;[2m:&amp#27;[0;39m No active profile set, falling back to 1 default profile: "default"
&amp#27;[2m2025-02-11T00:36:39.017+09:00&amp#27;[0;39m &amp#27;[32m INFO&amp#27;[0;39m &amp#27;[35m52059&amp#27;[0;39m &amp#27;[2m---&amp#27;[0;39m &amp#27;[2m[jwt] [           main]&amp#27;[0;39m &amp#27;[2m&amp#27;[0;39m&amp#27;[36m.s.d.r.c.RepositoryConfigurationDelegate&amp#27;[0;39m &amp#27;[2m:&amp#27;[0;39m Multiple Spring Data modules found, entering strict repository configuration mode
&amp#27;[2m2025-02-11T00:36:39.018+09:00&amp#27;[0;39m &amp#27;[32m INFO&amp#27;[0;39m &amp#27;[35m52059&amp#27;[0;39m &amp#27;[2m---&amp#27;[0;39m &amp#27;[2m[jwt] [           main]&amp#27;[0;39m &amp#27;[2m&amp#27;[0;39m&amp#27;[36m.s.d.r.c.RepositoryConfigurationDelegate&amp#27;[0;39m &amp#27;[2m:&amp#27;[0;39m Bootstrapping Spring Data JPA repositories in DEFAULT mode.
&amp#27;[2m2025-02-11T00:36:39.071+09:00&amp#27;[0;39m &amp#27;[32m INFO&amp#27;[0;39m &amp#27;[35m52059&amp#27;[0;39m &amp#27;[2m---&amp#27;[0;39m &amp#27;[2m[jwt] [           main]&amp#27;[0;39m &amp#27;[2m&amp#27;[0;39m&amp#27;[36m.s.d.r.c.RepositoryConfigurationDelegate&amp#27;[0;39m &amp#27;[2m:&amp#27;[0;39m Finished Spring Data repository scanning in 50 ms. Found 2 JPA repository interfaces.
&amp#27;[2m2025-02-11T00:36:39.078+09:00&amp#27;[0;39m &amp#27;[32m INFO&amp#27;[0;39m &amp#27;[35m52059&amp#27;[0;39m &amp#27;[2m---&amp#27;[0;39m &amp#27;[2m[jwt] [           main]&amp#27;[0;39m &amp#27;[2m&amp#27;[0;39m&amp#27;[36m.s.d.r.c.RepositoryConfigurationDelegate&amp#27;[0;39m &amp#27;[2m:&amp#27;[0;39m Multiple Spring Data modules found, entering strict repository configuration mode
&amp#27;[2m2025-02-11T00:36:39.079+09:00&amp#27;[0;39m &amp#27;[32m INFO&amp#27;[0;39m &amp#27;[35m52059&amp#27;[0;39m &amp#27;[2m---&amp#27;[0;39m &amp#27;[2m[jwt] [           main]&amp#27;[0;39m &amp#27;[2m&amp#27;[0;39m&amp#27;[36m.s.d.r.c.RepositoryConfigurationDelegate&amp#27;[0;39m &amp#27;[2m:&amp#27;[0;39m Bootstrapping Spring Data Redis repositories in DEFAULT mode.
&amp#27;[2m2025-02-11T00:36:39.085+09:00&amp#27;[0;39m &amp#27;[32m INFO&amp#27;[0;39m &amp#27;[35m52059&amp#27;[0;39m &amp#27;[2m---&amp#27;[0;39m &amp#27;[2m[jwt] [           main]&amp#27;[0;39m &amp#27;[2m&amp#27;[0;39m&amp#27;[36m.RepositoryConfigurationExtensionSupport&amp#27;[0;39m &amp#27;[2m:&amp#27;[0;39m Spring Data Redis - Could not safely identify store assignment for repository candidate interface com.springboot.jwt.repository.EmailRepository; If you want this repository to be a Redis repository, consider annotating your entities with one of these annotations: org.springframework.data.redis.core.RedisHash (preferred), or consider extending one of the following types with your repository: org.springframework.data.keyvalue.repository.KeyValueRepository
&amp#27;[2m2025-02-11T00:36:39.085+09:00&amp#27;[0;39m &amp#27;[32m INFO&amp#27;[0;39m &amp#27;[35m52059&amp#27;[0;39m &amp#27;[2m---&amp#27;[0;39m &amp#27;[2m[jwt] [           main]&amp#27;[0;39m &amp#27;[2m&amp#27;[0;39m&amp#27;[36m.RepositoryConfigurationExtensionSupport&amp#27;[0;39m &amp#27;[2m:&amp#27;[0;39m Spring Data Redis - Could not safely identify store assignment for repository candidate interface com.springboot.jwt.repository.UserRepository; If you want this repository to be a Redis repository, consider annotating your entities with one of these annotations: org.springframework.data.redis.core.RedisHash (preferred), or consider extending one of the following types with your repository: org.springframework.data.keyvalue.repository.KeyValueRepository
&amp#27;[2m2025-02-11T00:36:39.085+09:00&amp#27;[0;39m &amp#27;[32m INFO&amp#27;[0;39m &amp#27;[35m52059&amp#27;[0;39m &amp#27;[2m---&amp#27;[0;39m &amp#27;[2m[jwt] [           main]&amp#27;[0;39m &amp#27;[2m&amp#27;[0;39m&amp#27;[36m.s.d.r.c.RepositoryConfigurationDelegate&amp#27;[0;39m &amp#27;[2m:&amp#27;[0;39m Finished Spring Data repository scanning in 4 ms. Found 0 Redis repository interfaces.
&amp#27;[2m2025-02-11T00:36:39.282+09:00&amp#27;[0;39m &amp#27;[32m INFO&amp#27;[0;39m &amp#27;[35m52059&amp#27;[0;39m &amp#27;[2m---&amp#27;[0;39m &amp#27;[2m[jwt] [           main]&amp#27;[0;39m &amp#27;[2m&amp#27;[0;39m&amp#27;[36mo.hibernate.jpa.internal.util.LogHelper &amp#27;[0;39m &amp#27;[2m:&amp#27;[0;39m HHH000204: Processing PersistenceUnitInfo [name: default]
&amp#27;[2m2025-02-11T00:36:39.301+09:00&amp#27;[0;39m &amp#27;[32m INFO&amp#27;[0;39m &amp#27;[35m52059&amp#27;[0;39m &amp#27;[2m---&amp#27;[0;39m &amp#27;[2m[jwt] [           main]&amp#27;[0;39m &amp#27;[2m&amp#27;[0;39m&amp#27;[36morg.hibernate.Version                   &amp#27;[0;39m &amp#27;[2m:&amp#27;[0;39m HHH000412: Hibernate ORM core version 6.3.1.Final
&amp#27;[2m2025-02-11T00:36:39.316+09:00&amp#27;[0;39m &amp#27;[32m INFO&amp#27;[0;39m &amp#27;[35m52059&amp#27;[0;39m &amp#27;[2m---&amp#27;[0;39m &amp#27;[2m[jwt] [           main]&amp#27;[0;39m &amp#27;[2m&amp#27;[0;39m&amp#27;[36mo.h.c.internal.RegionFactoryInitiator   &amp#27;[0;39m &amp#27;[2m:&amp#27;[0;39m HHH000026: Second-level cache disabled
&amp#27;[2m2025-02-11T00:36:39.395+09:00&amp#27;[0;39m &amp#27;[32m INFO&amp#27;[0;39m &amp#27;[35m52059&amp#27;[0;39m &amp#27;[2m---&amp#27;[0;39m &amp#27;[2m[jwt] [           main]&amp#27;[0;39m &amp#27;[2m&amp#27;[0;39m&amp#27;[36mo.s.o.j.p.SpringPersistenceUnitInfo     &amp#27;[0;39m &amp#27;[2m:&amp#27;[0;39m No LoadTimeWeaver setup: ignoring JPA class transformer
&amp#27;[2m2025-02-11T00:36:39.407+09:00&amp#27;[0;39m &amp#27;[32m INFO&amp#27;[0;39m &amp#27;[35m52059&amp#27;[0;39m &amp#27;[2m---&amp#27;[0;39m &amp#27;[2m[jwt] [           main]&amp#27;[0;39m &amp#27;[2m&amp#27;[0;39m&amp#27;[36mcom.zaxxer.hikari.HikariDataSource      &amp#27;[0;39m &amp#27;[2m:&amp#27;[0;39m HikariPool-1 - Starting...
&amp#27;[2m2025-02-11T00:36:39.488+09:00&amp#27;[0;39m &amp#27;[32m INFO&amp#27;[0;39m &amp#27;[35m52059&amp#27;[0;39m &amp#27;[2m---&amp#27;[0;39m &amp#27;[2m[jwt] [           main]&amp#27;[0;39m &amp#27;[2m&amp#27;[0;39m&amp#27;[36mcom.zaxxer.hikari.pool.HikariPool       &amp#27;[0;39m &amp#27;[2m:&amp#27;[0;39m HikariPool-1 - Added connection org.mariadb.jdbc.Connection@1a5b7394
&amp#27;[2m2025-02-11T00:36:39.488+09:00&amp#27;[0;39m &amp#27;[32m INFO&amp#27;[0;39m &amp#27;[35m52059&amp#27;[0;39m &amp#27;[2m---&amp#27;[0;39m &amp#27;[2m[jwt] [           main]&amp#27;[0;39m &amp#27;[2m&amp#27;[0;39m&amp#27;[36mcom.zaxxer.hikari.HikariDataSource      &amp#27;[0;39m &amp#27;[2m:&amp#27;[0;39m HikariPool-1 - Start completed.
&amp#27;[2m2025-02-11T00:36:39.529+09:00&amp#27;[0;39m &amp#27;[32mDEBUG&amp#27;[0;39m &amp#27;[35m52059&amp#27;[0;39m &amp#27;[2m---&amp#27;[0;39m &amp#27;[2m[jwt] [           main]&amp#27;[0;39m &amp#27;[2m&amp#27;[0;39m&amp#27;[36mo.h.t.d.sql.spi.DdlTypeRegistry         &amp#27;[0;39m &amp#27;[2m:&amp#27;[0;39m addDescriptor(12, org.hibernate.type.descriptor.sql.internal.CapacityDependentDdlType@f1d1463) replaced previous registration(org.hibernate.type.descriptor.sql.internal.CapacityDependentDdlType@47ef5a33)
&amp#27;[2m2025-02-11T00:36:39.529+09:00&amp#27;[0;39m &amp#27;[32mDEBUG&amp#27;[0;39m &amp#27;[35m52059&amp#27;[0;39m &amp#27;[2m---&amp#27;[0;39m &amp#27;[2m[jwt] [           main]&amp#27;[0;39m &amp#27;[2m&amp#27;[0;39m&amp#27;[36mo.h.t.d.sql.spi.DdlTypeRegistry         &amp#27;[0;39m &amp#27;[2m:&amp#27;[0;39m addDescriptor(-9, org.hibernate.type.descriptor.sql.internal.CapacityDependentDdlType@6a278584) replaced previous registration(org.hibernate.type.descriptor.sql.internal.CapacityDependentDdlType@28f90752)
&amp#27;[2m2025-02-11T00:36:39.529+09:00&amp#27;[0;39m &amp#27;[32mDEBUG&amp#27;[0;39m &amp#27;[35m52059&amp#27;[0;39m &amp#27;[2m---&amp#27;[0;39m &amp#27;[2m[jwt] [           main]&amp#27;[0;39m &amp#27;[2m&amp#27;[0;39m&amp#27;[36mo.h.t.d.sql.spi.DdlTypeRegistry         &amp#27;[0;39m &amp#27;[2m:&amp#27;[0;39m addDescriptor(-3, org.hibernate.type.descriptor.sql.internal.CapacityDependentDdlType@4f20b022) replaced previous registration(org.hibernate.type.descriptor.sql.internal.CapacityDependentDdlType@72a34537)
&amp#27;[2m2025-02-11T00:36:39.529+09:00&amp#27;[0;39m &amp#27;[32mDEBUG&amp#27;[0;39m &amp#27;[35m52059&amp#27;[0;39m &amp#27;[2m---&amp#27;[0;39m &amp#27;[2m[jwt] [           main]&amp#27;[0;39m &amp#27;[2m&amp#27;[0;39m&amp#27;[36mo.h.t.d.sql.spi.DdlTypeRegistry         &amp#27;[0;39m &amp#27;[2m:&amp#27;[0;39m addDescriptor(4003, org.hibernate.type.descriptor.sql.internal.DdlTypeImpl@24fef542) replaced previous registration(org.hibernate.type.descriptor.sql.internal.DdlTypeImpl@44ddb518)
&amp#27;[2m2025-02-11T00:36:39.529+09:00&amp#27;[0;39m &amp#27;[32mDEBUG&amp#27;[0;39m &amp#27;[35m52059&amp#27;[0;39m &amp#27;[2m---&amp#27;[0;39m &amp#27;[2m[jwt] [           main]&amp#27;[0;39m &amp#27;[2m&amp#27;[0;39m&amp#27;[36mo.h.t.d.sql.spi.DdlTypeRegistry         &amp#27;[0;39m &amp#27;[2m:&amp#27;[0;39m addDescriptor(4001, org.hibernate.type.descriptor.sql.internal.DdlTypeImpl@e36bc01) replaced previous registration(org.hibernate.type.descriptor.sql.internal.DdlTypeImpl@6654ca0d)
&amp#27;[2m2025-02-11T00:36:39.529+09:00&amp#27;[0;39m &amp#27;[32mDEBUG&amp#27;[0;39m &amp#27;[35m52059&amp#27;[0;39m &amp#27;[2m---&amp#27;[0;39m &amp#27;[2m[jwt] [           main]&amp#27;[0;39m &amp#27;[2m&amp#27;[0;39m&amp#27;[36mo.h.t.d.sql.spi.DdlTypeRegistry         &amp#27;[0;39m &amp#27;[2m:&amp#27;[0;39m addDescriptor(4002, org.hibernate.type.descriptor.sql.internal.DdlTypeImpl@35536760) replaced previous registration(org.hibernate.type.descriptor.sql.internal.DdlTypeImpl@1c8f71a7)
&amp#27;[2m2025-02-11T00:36:39.529+09:00&amp#27;[0;39m &amp#27;[32mDEBUG&amp#27;[0;39m &amp#27;[35m52059&amp#27;[0;39m &amp#27;[2m---&amp#27;[0;39m &amp#27;[2m[jwt] [           main]&amp#27;[0;39m &amp#27;[2m&amp#27;[0;39m&amp#27;[36mo.h.t.d.sql.spi.DdlTypeRegistry         &amp#27;[0;39m &amp#27;[2m:&amp#27;[0;39m addDescriptor(2004, org.hibernate.type.descriptor.sql.internal.CapacityDependentDdlType@27e21083) replaced previous registration(org.hibernate.type.descriptor.sql.internal.DdlTypeImpl@67a6a2d0)
&amp#27;[2m2025-02-11T00:36:39.530+09:00&amp#27;[0;39m &amp#27;[32mDEBUG&amp#27;[0;39m &amp#27;[35m52059&amp#27;[0;39m &amp#27;[2m---&amp#27;[0;39m &amp#27;[2m[jwt] [           main]&amp#27;[0;39m &amp#27;[2m&amp#27;[0;39m&amp#27;[36mo.h.t.d.sql.spi.DdlTypeRegistry         &amp#27;[0;39m &amp#27;[2m:&amp#27;[0;39m addDescriptor(2005, org.hibernate.type.descriptor.sql.internal.CapacityDependentDdlType@49e0b123) replaced previous registration(org.hibernate.type.descriptor.sql.internal.DdlTypeImpl@2e85e3f1)
&amp#27;[2m2025-02-11T00:36:39.530+09:00&amp#27;[0;39m &amp#27;[32mDEBUG&amp#27;[0;39m &amp#27;[35m52059&amp#27;[0;39m &amp#27;[2m---&amp#27;[0;39m &amp#27;[2m[jwt] [           main]&amp#27;[0;39m &amp#27;[2m&amp#27;[0;39m&amp#27;[36mo.h.t.d.sql.spi.DdlTypeRegistry         &amp#27;[0;39m &amp#27;[2m:&amp#27;[0;39m addDescriptor(2011, org.hibernate.type.descriptor.sql.internal.CapacityDependentDdlType@195498aa) replaced previous registration(org.hibernate.type.descriptor.sql.internal.DdlTypeImpl@4b360972)
&amp#27;[2m2025-02-11T00:36:39.821+09:00&amp#27;[0;39m &amp#27;[32m INFO&amp#27;[0;39m &amp#27;[35m52059&amp#27;[0;39m &amp#27;[2m---&amp#27;[0;39m &amp#27;[2m[jwt] [           main]&amp#27;[0;39m &amp#27;[2m&amp#27;[0;39m&amp#27;[36mo.h.e.t.j.p.i.JtaPlatformInitiator      &amp#27;[0;39m &amp#27;[2m:&amp#27;[0;39m HHH000489: No JTA platform available (set 'hibernate.transaction.jta.platform' to enable JTA platform integration)
&amp#27;[2m2025-02-11T00:36:39.858+09:00&amp#27;[0;39m &amp#27;[32m INFO&amp#27;[0;39m &amp#27;[35m52059&amp#27;[0;39m &amp#27;[2m---&amp#27;[0;39m &amp#27;[2m[jwt] [           main]&amp#27;[0;39m &amp#27;[2m&amp#27;[0;39m&amp#27;[36mj.LocalContainerEntityManagerFactoryBean&amp#27;[0;39m &amp#27;[2m:&amp#27;[0;39m Initialized JPA EntityManagerFactory for persistence unit 'default'
&amp#27;[2m2025-02-11T00:36:40.161+09:00&amp#27;[0;39m &amp#27;[33m WARN&amp#27;[0;39m &amp#27;[35m52059&amp#27;[0;39m &amp#27;[2m---&amp#27;[0;39m &amp#27;[2m[jwt] [           main]&amp#27;[0;39m &amp#27;[2m&amp#27;[0;39m&amp#27;[36mJpaBaseConfiguration$JpaWebConfiguration&amp#27;[0;39m &amp#27;[2m:&amp#27;[0;39m spring.jpa.open-in-view is enabled by default. Therefore, database queries may be performed during view rendering. Explicitly configure spring.jpa.open-in-view to disable this warning
&amp#27;[2m2025-02-11T00:36:40.632+09:00&amp#27;[0;39m &amp#27;[32m INFO&amp#27;[0;39m &amp#27;[35m52059&amp#27;[0;39m &amp#27;[2m---&amp#27;[0;39m &amp#27;[2m[jwt] [           main]&amp#27;[0;39m &amp#27;[2m&amp#27;[0;39m&amp#27;[36mo.s.s.web.DefaultSecurityFilterChain    &amp#27;[0;39m &amp#27;[2m:&amp#27;[0;39m Will secure any request with [org.springframework.security.web.session.DisableEncodeUrlFilter@365fde74, org.springframework.security.web.context.request.async.WebAsyncManagerIntegrationFilter@760b9444, org.springframework.security.web.context.SecurityContextHolderFilter@592fbd8, org.springframework.security.web.header.HeaderWriterFilter@149fab7f, org.springframework.web.filter.CorsFilter@5397d41e, org.springframework.security.web.authentication.logout.LogoutFilter@60f70c9e, com.springboot.jwt.jwt.JwtTokenFilter@f6b128b, org.springframework.security.web.savedrequest.RequestCacheAwareFilter@30be6a05, org.springframework.security.web.servletapi.SecurityContextHolderAwareRequestFilter@6812708d, org.springframework.security.web.authentication.AnonymousAuthenticationFilter@470fc16c, org.springframework.security.web.session.SessionManagementFilter@452ea8f0, org.springframework.security.web.access.ExceptionTranslationFilter@4ab959e8, org.springframework.security.web.access.intercept.AuthorizationFilter@6e95c023]
&amp#27;[2m2025-02-11T00:36:40.782+09:00&amp#27;[0;39m &amp#27;[32m INFO&amp#27;[0;39m &amp#27;[35m52059&amp#27;[0;39m &amp#27;[2m---&amp#27;[0;39m &amp#27;[2m[jwt] [           main]&amp#27;[0;39m &amp#27;[2m&amp#27;[0;39m&amp#27;[36mcom.springboot.jwt.JwtApplicationTests  &amp#27;[0;39m &amp#27;[2m:&amp#27;[0;39m Started JwtApplicationTests in 2.153 seconds (process running for 2.525)
]]></system-out>
    <system-err><![CDATA[WARNING: A Java agent has been loaded dynamically (/Users/hwanghyeongjin/.m2/repository/net/bytebuddy/byte-buddy-agent/1.14.10/byte-buddy-agent-1.14.10.jar)
WARNING: If a serviceability tool is in use, please run with -XX:+EnableDynamicAgentLoading to hide this warning
WARNING: If a serviceability tool is not in use, please run with -Djdk.instrument.traceUsage for more information
WARNING: Dynamic loading of agents will be disallowed by default in a future release
]]></system-err>
  </testcase>
</testsuite>