<?xml version="1.0" encoding="UTF-8"?>
<testsuite xmlns:xsi="http://www.w3.org/2001/XMLSchema-instance" xsi:noNamespaceSchemaLocation="https://maven.apache.org/surefire/maven-surefire-plugin/xsd/surefire-test-report-3.0.xsd" version="3.0" name="com.springboot.jwt.JwtApplicationTests" time="2.894" tests="1" errors="0" skipped="0" failures="0">
  <properties>
[...]
</properties>
  <testcase name="contextLoads" classname="com.springboot.jwt.JwtApplicationTests" time="0.259">
    <system-out><![CDATA[17:39:44.679 [main] INFO org.springframework.test.context.support.AnnotationConfigContextLoaderUtils -- Could not detect default configuration classes for test class [com.springboot.jwt.JwtApplicationTests]: JwtApplicationTests does not declare any static, non-private, non-final, nested classes annotated with @Configuration.
17:39:44.721 [main] INFO org.springframework.boot.test.context.SpringBootTestContextBootstrapper -- Found @SpringBootConfiguration com.springboot.jwt.JwtApplication for test class com.springboot.jwt.JwtApplicationTests

  .   ____          _            __ _ _
 /\\ / ___'_ __ _ _(_)_ __  __ _ \ \ \ \
( ( )\___ | '_ | '_| | '_ \/ _` | \ \ \ \
 \\/  ___)| |_)| | | | | || (_| |  ) ) ) )
  '  |____| .__|_| |_|_| |_\__, | / / / /
 =========|_|==============|___/=/_/_/_/
&amp#27;[32m :: Spring Boot :: &amp#27;[39m              &amp#27;[2m (v3.2.0)&amp#27;[0;39m

&amp#27;[2m2025-02-15T17:39:44.865+09:00&amp#27;[0;39m &amp#27;[32m INFO&amp#27;[0;39m &amp#27;[35m16630&amp#27;[0;39m &amp#27;[2m---&amp#27;[0;39m &amp#27;[2m[jwt] [           main]&amp#27;[0;39m &amp#27;[2m&amp#27;[0;39m&amp#27;[36mcom.springboot.jwt.JwtApplicationTests  &amp#27;[0;39m &amp#27;[2m:&amp#27;[0;39m Starting JwtApplicationTests using Java 23.0.1 with PID 16630 (started by hwanghyeongjin in /Users/hwanghyeongjin/Documents/GitHub/Likelion13-BE)
&amp#27;[2m2025-02-15T17:39:44.865+09:00&amp#27;[0;39m &amp#27;[32m INFO&amp#27;[0;39m &amp#27;[35m16630&amp#27;[0;39m &amp#27;[2m---&amp#27;[0;39m &amp#27;[2m[jwt] [           main]&amp#27;[0;39m &amp#27;[2m&amp#27;[0;39m&amp#27;[36mcom.springboot.jwt.JwtApplicationTests  &amp#27;[0;39m &amp#27;[2m:&amp#27;[0;39m No active profile set, falling back to 1 default profile: "default"
&amp#27;[2m2025-02-15T17:39:45.189+09:00&amp#27;[0;39m &amp#27;[32m INFO&amp#27;[0;39m &amp#27;[35m16630&amp#27;[0;39m &amp#27;[2m---&amp#27;[0;39m &amp#27;[2m[jwt] [           main]&amp#27;[0;39m &amp#27;[2m&amp#27;[0;39m&amp#27;[36m.s.d.r.c.RepositoryConfigurationDelegate&amp#27;[0;39m &amp#27;[2m:&amp#27;[0;39m Multiple Spring Data modules found, entering strict repository configuration mode
&amp#27;[2m2025-02-15T17:39:45.190+09:00&amp#27;[0;39m &amp#27;[32m INFO&amp#27;[0;39m &amp#27;[35m16630&amp#27;[0;39m &amp#27;[2m---&amp#27;[0;39m &amp#27;[2m[jwt] [           main]&amp#27;[0;39m &amp#27;[2m&amp#27;[0;39m&amp#27;[36m.s.d.r.c.RepositoryConfigurationDelegate&amp#27;[0;39m &amp#27;[2m:&amp#27;[0;39m Bootstrapping Spring Data JPA repositories in DEFAULT mode.
&amp#27;[2m2025-02-15T17:39:45.251+09:00&amp#27;[0;39m &amp#27;[32m INFO&amp#27;[0;39m &amp#27;[35m16630&amp#27;[0;39m &amp#27;[2m---&amp#27;[0;39m &amp#27;[2m[jwt] [           main]&amp#27;[0;39m &amp#27;[2m&amp#27;[0;39m&amp#27;[36m.s.d.r.c.RepositoryConfigurationDelegate&amp#27;[0;39m &amp#27;[2m:&amp#27;[0;39m Finished Spring Data repository scanning in 59 ms. Found 6 JPA repository interfaces.
&amp#27;[2m2025-02-15T17:39:45.260+09:00&amp#27;[0;39m &amp#27;[32m INFO&amp#27;[0;39m &amp#27;[35m16630&amp#27;[0;39m &amp#27;[2m---&amp#27;[0;39m &amp#27;[2m[jwt] [           main]&amp#27;[0;39m &amp#27;[2m&amp#27;[0;39m&amp#27;[36m.s.d.r.c.RepositoryConfigurationDelegate&amp#27;[0;39m &amp#27;[2m:&amp#27;[0;39m Multiple Spring Data modules found, entering strict repository configuration mode
&amp#27;[2m2025-02-15T17:39:45.260+09:00&amp#27;[0;39m &amp#27;[32m INFO&amp#27;[0;39m &amp#27;[35m16630&amp#27;[0;39m &amp#27;[2m---&amp#27;[0;39m &amp#27;[2m[jwt] [           main]&amp#27;[0;39m &amp#27;[2m&amp#27;[0;39m&amp#27;[36m.s.d.r.c.RepositoryConfigurationDelegate&amp#27;[0;39m &amp#27;[2m:&amp#27;[0;39m Bootstrapping Spring Data Redis repositories in DEFAULT mode.
&amp#27;[2m2025-02-15T17:39:45.268+09:00&amp#27;[0;39m &amp#27;[32m INFO&amp#27;[0;39m &amp#27;[35m16630&amp#27;[0;39m &amp#27;[2m---&amp#27;[0;39m &amp#27;[2m[jwt] [           main]&amp#27;[0;39m &amp#27;[2m&amp#27;[0;39m&amp#27;[36m.RepositoryConfigurationExtensionSupport&amp#27;[0;39m &amp#27;[2m:&amp#27;[0;39m Spring Data Redis - Could not safely identify store assignment for repository candidate interface com.springboot.jwt.login.repository.EmailRepository; If you want this repository to be a Redis repository, consider annotating your entities with one of these annotations: org.springframework.data.redis.core.RedisHash (preferred), or consider extending one of the following types with your repository: org.springframework.data.keyvalue.repository.KeyValueRepository
&amp#27;[2m2025-02-15T17:39:45.268+09:00&amp#27;[0;39m &amp#27;[32m INFO&amp#27;[0;39m &amp#27;[35m16630&amp#27;[0;39m &amp#27;[2m---&amp#27;[0;39m &amp#27;[2m[jwt] [           main]&amp#27;[0;39m &amp#27;[2m&amp#27;[0;39m&amp#27;[36m.RepositoryConfigurationExtensionSupport&amp#27;[0;39m &amp#27;[2m:&amp#27;[0;39m Spring Data Redis - Could not safely identify store assignment for repository candidate interface com.springboot.jwt.login.repository.UserRepository; If you want this repository to be a Redis repository, consider annotating your entities with one of these annotations: org.springframework.data.redis.core.RedisHash (preferred), or consider extending one of the following types with your repository: org.springframework.data.keyvalue.repository.KeyValueRepository
&amp#27;[2m2025-02-15T17:39:45.268+09:00&amp#27;[0;39m &amp#27;[32m INFO&amp#27;[0;39m &amp#27;[35m16630&amp#27;[0;39m &amp#27;[2m---&amp#27;[0;39m &amp#27;[2m[jwt] [           main]&amp#27;[0;39m &amp#27;[2m&amp#27;[0;39m&amp#27;[36m.RepositoryConfigurationExtensionSupport&amp#27;[0;39m &amp#27;[2m:&amp#27;[0;39m Spring Data Redis - Could not safely identify store assignment for repository candidate interface com.springboot.jwt.result.repository.ResultRepository; If you want this repository to be a Redis repository, consider annotating your entities with one of these annotations: org.springframework.data.redis.core.RedisHash (preferred), or consider extending one of the following types with your repository: org.springframework.data.keyvalue.repository.KeyValueRepository
&amp#27;[2m2025-02-15T17:39:45.268+09:00&amp#27;[0;39m &amp#27;[32m INFO&amp#27;[0;39m &amp#27;[35m16630&amp#27;[0;39m &amp#27;[2m---&amp#27;[0;39m &amp#27;[2m[jwt] [           main]&amp#27;[0;39m &amp#27;[2m&amp#27;[0;39m&amp#27;[36m.RepositoryConfigurationExtensionSupport&amp#27;[0;39m &amp#27;[2m:&amp#27;[0;39m Spring Data Redis - Could not safely identify store assignment for repository candidate interface com.springboot.jwt.resume.repository.BackendResumeRepository; If you want this repository to be a Redis repository, consider annotating your entities with one of these annotations: org.springframework.data.redis.core.RedisHash (preferred), or consider extending one of the following types with your repository: org.springframework.data.keyvalue.repository.KeyValueRepository
&amp#27;[2m2025-02-15T17:39:45.268+09:00&amp#27;[0;39m &amp#27;[32m INFO&amp#27;[0;39m &amp#27;[35m16630&amp#27;[0;39m &amp#27;[2m---&amp#27;[0;39m &amp#27;[2m[jwt] [           main]&amp#27;[0;39m &amp#27;[2m&amp#27;[0;39m&amp#27;[36m.RepositoryConfigurationExtensionSupport&amp#27;[0;39m &amp#27;[2m:&amp#27;[0;39m Spring Data Redis - Could not safely identify store assignment for repository candidate interface com.springboot.jwt.resume.repository.DesignResumeRepository; If you want this repository to be a Redis repository, consider annotating your entities with one of these annotations: org.springframework.data.redis.core.RedisHash (preferred), or consider extending one of the following types with your repository: org.springframework.data.keyvalue.repository.KeyValueRepository
&amp#27;[2m2025-02-15T17:39:45.268+09:00&amp#27;[0;39m &amp#27;[32m INFO&amp#27;[0;39m &amp#27;[35m16630&amp#27;[0;39m &amp#27;[2m---&amp#27;[0;39m &amp#27;[2m[jwt] [           main]&amp#27;[0;39m &amp#27;[2m&amp#27;[0;39m&amp#27;[36m.RepositoryConfigurationExtensionSupport&amp#27;[0;39m &amp#27;[2m:&amp#27;[0;39m Spring Data Redis - Could not safely identify store assignment for repository candidate interface com.springboot.jwt.resume.repository.FrontendResumeRepository; If you want this repository to be a Redis repository, consider annotating your entities with one of these annotations: org.springframework.data.redis.core.RedisHash (preferred), or consider extending one of the following types with your repository: org.springframework.data.keyvalue.repository.KeyValueRepository
&amp#27;[2m2025-02-15T17:39:45.268+09:00&amp#27;[0;39m &amp#27;[32m INFO&amp#27;[0;39m &amp#27;[35m16630&amp#27;[0;39m &amp#27;[2m---&amp#27;[0;39m &amp#27;[2m[jwt] [           main]&amp#27;[0;39m &amp#27;[2m&amp#27;[0;39m&amp#27;[36m.s.d.r.c.RepositoryConfigurationDelegate&amp#27;[0;39m &amp#27;[2m:&amp#27;[0;39m Finished Spring Data repository scanning in 5 ms. Found 0 Redis repository interfaces.
&amp#27;[2m2025-02-15T17:39:45.473+09:00&amp#27;[0;39m &amp#27;[32m INFO&amp#27;[0;39m &amp#27;[35m16630&amp#27;[0;39m &amp#27;[2m---&amp#27;[0;39m &amp#27;[2m[jwt] [           main]&amp#27;[0;39m &amp#27;[2m&amp#27;[0;39m&amp#27;[36mo.hibernate.jpa.internal.util.LogHelper &amp#27;[0;39m &amp#27;[2m:&amp#27;[0;39m HHH000204: Processing PersistenceUnitInfo [name: default]
&amp#27;[2m2025-02-15T17:39:45.510+09:00&amp#27;[0;39m &amp#27;[32m INFO&amp#27;[0;39m &amp#27;[35m16630&amp#27;[0;39m &amp#27;[2m---&amp#27;[0;39m &amp#27;[2m[jwt] [           main]&amp#27;[0;39m &amp#27;[2m&amp#27;[0;39m&amp#27;[36morg.hibernate.Version                   &amp#27;[0;39m &amp#27;[2m:&amp#27;[0;39m HHH000412: Hibernate ORM core version 6.3.1.Final
&amp#27;[2m2025-02-15T17:39:45.524+09:00&amp#27;[0;39m &amp#27;[32m INFO&amp#27;[0;39m &amp#27;[35m16630&amp#27;[0;39m &amp#27;[2m---&amp#27;[0;39m &amp#27;[2m[jwt] [           main]&amp#27;[0;39m &amp#27;[2m&amp#27;[0;39m&amp#27;[36mo.h.c.internal.RegionFactoryInitiator   &amp#27;[0;39m &amp#27;[2m:&amp#27;[0;39m HHH000026: Second-level cache disabled
&amp#27;[2m2025-02-15T17:39:45.604+09:00&amp#27;[0;39m &amp#27;[32m INFO&amp#27;[0;39m &amp#27;[35m16630&amp#27;[0;39m &amp#27;[2m---&amp#27;[0;39m &amp#27;[2m[jwt] [           main]&amp#27;[0;39m &amp#27;[2m&amp#27;[0;39m&amp#27;[36mo.s.o.j.p.SpringPersistenceUnitInfo     &amp#27;[0;39m &amp#27;[2m:&amp#27;[0;39m No LoadTimeWeaver setup: ignoring JPA class transformer
&amp#27;[2m2025-02-15T17:39:45.613+09:00&amp#27;[0;39m &amp#27;[32m INFO&amp#27;[0;39m &amp#27;[35m16630&amp#27;[0;39m &amp#27;[2m---&amp#27;[0;39m &amp#27;[2m[jwt] [           main]&amp#27;[0;39m &amp#27;[2m&amp#27;[0;39m&amp#27;[36mcom.zaxxer.hikari.HikariDataSource      &amp#27;[0;39m &amp#27;[2m:&amp#27;[0;39m HikariPool-1 - Starting...
&amp#27;[2m2025-02-15T17:39:45.712+09:00&amp#27;[0;39m &amp#27;[32m INFO&amp#27;[0;39m &amp#27;[35m16630&amp#27;[0;39m &amp#27;[2m---&amp#27;[0;39m &amp#27;[2m[jwt] [           main]&amp#27;[0;39m &amp#27;[2m&amp#27;[0;39m&amp#27;[36mcom.zaxxer.hikari.pool.HikariPool       &amp#27;[0;39m &amp#27;[2m:&amp#27;[0;39m HikariPool-1 - Added connection org.mariadb.jdbc.Connection@71a2df1
&amp#27;[2m2025-02-15T17:39:45.713+09:00&amp#27;[0;39m &amp#27;[32m INFO&amp#27;[0;39m &amp#27;[35m16630&amp#27;[0;39m &amp#27;[2m---&amp#27;[0;39m &amp#27;[2m[jwt] [           main]&amp#27;[0;39m &amp#27;[2m&amp#27;[0;39m&amp#27;[36mcom.zaxxer.hikari.HikariDataSource      &amp#27;[0;39m &amp#27;[2m:&amp#27;[0;39m HikariPool-1 - Start completed.
&amp#27;[2m2025-02-15T17:39:45.751+09:00&amp#27;[0;39m &amp#27;[32mDEBUG&amp#27;[0;39m &amp#27;[35m16630&amp#27;[0;39m &amp#27;[2m---&amp#27;[0;39m &amp#27;[2m[jwt] [           main]&amp#27;[0;39m &amp#27;[2m&amp#27;[0;39m&amp#27;[36mo.h.t.d.sql.spi.DdlTypeRegistry         &amp#27;[0;39m &amp#27;[2m:&amp#27;[0;39m addDescriptor(12, org.hibernate.type.descriptor.sql.internal.CapacityDependentDdlType@17df689e) replaced previous registration(org.hibernate.type.descriptor.sql.internal.CapacityDependentDdlType@21540255)
&amp#27;[2m2025-02-15T17:39:45.751+09:00&amp#27;[0;39m &amp#27;[32mDEBUG&amp#27;[0;39m &amp#27;[35m16630&amp#27;[0;39m &amp#27;[2m---&amp#27;[0;39m &amp#27;[2m[jwt] [           main]&amp#27;[0;39m &amp#27;[2m&amp#27;[0;39m&amp#27;[36mo.h.t.d.sql.spi.DdlTypeRegistry         &amp#27;[0;39m &amp#27;[2m:&amp#27;[0;39m addDescriptor(-9, org.hibernate.type.descriptor.sql.internal.CapacityDependentDdlType@3a7469ca) replaced previous registration(org.hibernate.type.descriptor.sql.internal.CapacityDependentDdlType@1c8e8fed)
&amp#27;[2m2025-02-15T17:39:45.751+09:00&amp#27;[0;39m &amp#27;[32mDEBUG&amp#27;[0;39m &amp#27;[35m16630&amp#27;[0;39m &amp#27;[2m---&amp#27;[0;39m &amp#27;[2m[jwt] [           main]&amp#27;[0;39m &amp#27;[2m&amp#27;[0;39m&amp#27;[36mo.h.t.d.sql.spi.DdlTypeRegistry         &amp#27;[0;39m &amp#27;[2m:&amp#27;[0;39m addDescriptor(-3, org.hibernate.type.descriptor.sql.internal.CapacityDependentDdlType@70f98f7a) replaced previous registration(org.hibernate.type.descriptor.sql.internal.CapacityDependentDdlType@713e7d9a)
&amp#27;[2m2025-02-15T17:39:45.751+09:00&amp#27;[0;39m &amp#27;[32mDEBUG&amp#27;[0;39m &amp#27;[35m16630&amp#27;[0;39m &amp#27;[2m---&amp#27;[0;39m &amp#27;[2m[jwt] [           main]&amp#27;[0;39m &amp#27;[2m&amp#27;[0;39m&amp#27;[36mo.h.t.d.sql.spi.DdlTypeRegistry         &amp#27;[0;39m &amp#27;[2m:&amp#27;[0;39m addDescriptor(4003, org.hibernate.type.descriptor.sql.internal.DdlTypeImpl@681d704e) replaced previous registration(org.hibernate.type.descriptor.sql.internal.DdlTypeImpl@846b47)
&amp#27;[2m2025-02-15T17:39:45.751+09:00&amp#27;[0;39m &amp#27;[32mDEBUG&amp#27;[0;39m &amp#27;[35m16630&amp#27;[0;39m &amp#27;[2m---&amp#27;[0;39m &amp#27;[2m[jwt] [           main]&amp#27;[0;39m &amp#27;[2m&amp#27;[0;39m&amp#27;[36mo.h.t.d.sql.spi.DdlTypeRegistry         &amp#27;[0;39m &amp#27;[2m:&amp#27;[0;39m addDescriptor(4001, org.hibernate.type.descriptor.sql.internal.DdlTypeImpl@3c3ab672) replaced previous registration(org.hibernate.type.descriptor.sql.internal.DdlTypeImpl@3e6acec2)
&amp#27;[2m2025-02-15T17:39:45.751+09:00&amp#27;[0;39m &amp#27;[32mDEBUG&amp#27;[0;39m &amp#27;[35m16630&amp#27;[0;39m &amp#27;[2m---&amp#27;[0;39m &amp#27;[2m[jwt] [           main]&amp#27;[0;39m &amp#27;[2m&amp#27;[0;39m&amp#27;[36mo.h.t.d.sql.spi.DdlTypeRegistry         &amp#27;[0;39m &amp#27;[2m:&amp#27;[0;39m addDescriptor(4002, org.hibernate.type.descriptor.sql.internal.DdlTypeImpl@3d764641) replaced previous registration(org.hibernate.type.descriptor.sql.internal.DdlTypeImpl@1e8bccfb)
&amp#27;[2m2025-02-15T17:39:45.752+09:00&amp#27;[0;39m &amp#27;[32mDEBUG&amp#27;[0;39m &amp#27;[35m16630&amp#27;[0;39m &amp#27;[2m---&amp#27;[0;39m &amp#27;[2m[jwt] [           main]&amp#27;[0;39m &amp#27;[2m&amp#27;[0;39m&amp#27;[36mo.h.t.d.sql.spi.DdlTypeRegistry         &amp#27;[0;39m &amp#27;[2m:&amp#27;[0;39m addDescriptor(2004, org.hibernate.type.descriptor.sql.internal.CapacityDependentDdlType@77eb607e) replaced previous registration(org.hibernate.type.descriptor.sql.internal.DdlTypeImpl@1f1fbc9f)
&amp#27;[2m2025-02-15T17:39:45.752+09:00&amp#27;[0;39m &amp#27;[32mDEBUG&amp#27;[0;39m &amp#27;[35m16630&amp#27;[0;39m &amp#27;[2m---&amp#27;[0;39m &amp#27;[2m[jwt] [           main]&amp#27;[0;39m &amp#27;[2m&amp#27;[0;39m&amp#27;[36mo.h.t.d.sql.spi.DdlTypeRegistry         &amp#27;[0;39m &amp#27;[2m:&amp#27;[0;39m addDescriptor(2005, org.hibernate.type.descriptor.sql.internal.CapacityDependentDdlType@10d4b573) replaced previous registration(org.hibernate.type.descriptor.sql.internal.DdlTypeImpl@50785f86)
&amp#27;[2m2025-02-15T17:39:45.752+09:00&amp#27;[0;39m &amp#27;[32mDEBUG&amp#27;[0;39m &amp#27;[35m16630&amp#27;[0;39m &amp#27;[2m---&amp#27;[0;39m &amp#27;[2m[jwt] [           main]&amp#27;[0;39m &amp#27;[2m&amp#27;[0;39m&amp#27;[36mo.h.t.d.sql.spi.DdlTypeRegistry         &amp#27;[0;39m &amp#27;[2m:&amp#27;[0;39m addDescriptor(2011, org.hibernate.type.descriptor.sql.internal.CapacityDependentDdlType@7c3c3d67) replaced previous registration(org.hibernate.type.descriptor.sql.internal.DdlTypeImpl@1e258d3b)
&amp#27;[2m2025-02-15T17:39:46.084+09:00&amp#27;[0;39m &amp#27;[32m INFO&amp#27;[0;39m &amp#27;[35m16630&amp#27;[0;39m &amp#27;[2m---&amp#27;[0;39m &amp#27;[2m[jwt] [           main]&amp#27;[0;39m &amp#27;[2m&amp#27;[0;39m&amp#27;[36mo.h.e.t.j.p.i.JtaPlatformInitiator      &amp#27;[0;39m &amp#27;[2m:&amp#27;[0;39m HHH000489: No JTA platform available (set 'hibernate.transaction.jta.platform' to enable JTA platform integration)
&amp#27;[2m2025-02-15T17:39:46.273+09:00&amp#27;[0;39m &amp#27;[32m INFO&amp#27;[0;39m &amp#27;[35m16630&amp#27;[0;39m &amp#27;[2m---&amp#27;[0;39m &amp#27;[2m[jwt] [           main]&amp#27;[0;39m &amp#27;[2m&amp#27;[0;39m&amp#27;[36mj.LocalContainerEntityManagerFactoryBean&amp#27;[0;39m &amp#27;[2m:&amp#27;[0;39m Initialized JPA EntityManagerFactory for persistence unit 'default'
&amp#27;[2m2025-02-15T17:39:46.660+09:00&amp#27;[0;39m &amp#27;[33m WARN&amp#27;[0;39m &amp#27;[35m16630&amp#27;[0;39m &amp#27;[2m---&amp#27;[0;39m &amp#27;[2m[jwt] [           main]&amp#27;[0;39m &amp#27;[2m&amp#27;[0;39m&amp#27;[36mJpaBaseConfiguration$JpaWebConfiguration&amp#27;[0;39m &amp#27;[2m:&amp#27;[0;39m spring.jpa.open-in-view is enabled by default. Therefore, database queries may be performed during view rendering. Explicitly configure spring.jpa.open-in-view to disable this warning
&amp#27;[2m2025-02-15T17:39:47.079+09:00&amp#27;[0;39m &amp#27;[32m INFO&amp#27;[0;39m &amp#27;[35m16630&amp#27;[0;39m &amp#27;[2m---&amp#27;[0;39m &amp#27;[2m[jwt] [           main]&amp#27;[0;39m &amp#27;[2m&amp#27;[0;39m&amp#27;[36mo.s.s.web.DefaultSecurityFilterChain    &amp#27;[0;39m &amp#27;[2m:&amp#27;[0;39m Will secure any request with [org.springframework.security.web.session.DisableEncodeUrlFilter@4fec93d0, org.springframework.security.web.context.request.async.WebAsyncManagerIntegrationFilter@2cea41ab, org.springframework.security.web.context.SecurityContextHolderFilter@172f2717, org.springframework.security.web.header.HeaderWriterFilter@40a360e6, org.springframework.web.filter.CorsFilter@4c1c134, org.springframework.security.web.authentication.logout.LogoutFilter@500d4de8, com.springboot.jwt.login.jwt.JwtTokenFilter@486480e2, org.springframework.security.web.savedrequest.RequestCacheAwareFilter@24df4805, org.springframework.security.web.servletapi.SecurityContextHolderAwareRequestFilter@3bbc8c82, org.springframework.security.web.authentication.AnonymousAuthenticationFilter@63bdf82d, org.springframework.security.web.session.SessionManagementFilter@676f70dc, org.springframework.security.web.access.ExceptionTranslationFilter@6829b897, org.springframework.security.web.access.intercept.AuthorizationFilter@4414ee28]
&amp#27;[2m2025-02-15T17:39:47.235+09:00&amp#27;[0;39m &amp#27;[32m INFO&amp#27;[0;39m &amp#27;[35m16630&amp#27;[0;39m &amp#27;[2m---&amp#27;[0;39m &amp#27;[2m[jwt] [           main]&amp#27;[0;39m &amp#27;[2m&amp#27;[0;39m&amp#27;[36mcom.springboot.jwt.JwtApplicationTests  &amp#27;[0;39m &amp#27;[2m:&amp#27;[0;39m Started JwtApplicationTests in 2.465 seconds (process running for 2.842)
]]></system-out>
    <system-err><![CDATA[WARNING: A Java agent has been loaded dynamically (/Users/hwanghyeongjin/.m2/repository/net/bytebuddy/byte-buddy-agent/1.14.10/byte-buddy-agent-1.14.10.jar)
WARNING: If a serviceability tool is in use, please run with -XX:+EnableDynamicAgentLoading to hide this warning
WARNING: If a serviceability tool is not in use, please run with -Djdk.instrument.traceUsage for more information
WARNING: Dynamic loading of agents will be disallowed by default in a future release
]]></system-err>
  </testcase>
</testsuite>